{
  "RSpec": {
    "coverage": {
      "/Users/ryanmcneil/turing/4module/projects/inspire/app/helpers/application_helper.rb": [
        1,
        null
      ],
      "/Users/ryanmcneil/turing/4module/projects/inspire/spec/models/user_spec.rb": [
        1,
        null,
        1,
        1,
        2,
        2,
        2,
        2,
        null,
        null,
        null,
        null
      ],
      "/Users/ryanmcneil/turing/4module/projects/inspire/app/models/user.rb": [
        1,
        1,
        1,
        1,
        1,
        null,
        1,
        null
      ],
      "/Users/ryanmcneil/turing/4module/projects/inspire/app/models/application_record.rb": [
        1,
        1,
        null
      ],
      "/Users/ryanmcneil/turing/4module/projects/inspire/app/controllers/welcome_controller.rb": [
        1,
        null,
        1,
        2,
        1,
        null,
        null,
        null
      ],
      "/Users/ryanmcneil/turing/4module/projects/inspire/app/controllers/application_controller.rb": [
        1,
        null,
        1,
        null,
        1,
        2,
        null,
        null
      ],
      "/Users/ryanmcneil/turing/4module/projects/inspire/app/controllers/sessions_controller.rb": [
        1,
        1,
        null,
        null,
        null
      ],
      "/Users/ryanmcneil/turing/4module/projects/inspire/app/controllers/users_controller.rb": [
        1,
        1,
        5,
        null,
        null,
        1,
        null,
        3,
        3,
        1,
        1,
        null,
        2,
        2,
        null,
        null,
        1,
        null,
        1,
        3,
        null,
        null,
        null
      ]
    },
    "timestamp": 1550963500
  }
}
